2025-12-03 09:10:03,678 [INFO] === Starting GoogleNews scraping run ===
2025-12-03 09:10:18,424 [INFO] Scraped 15 new articles.
2025-12-03 09:10:18,438 [INFO] Deleted 1 oldest article(s).
2025-12-03 09:10:18,446 [INFO] Inserted 15 new article(s).
2025-12-03 09:10:18,449 [INFO] === Finished scraping run ===
2025-12-03 09:30:54,340 [INFO] === Starting EU GoogleNews scraping run ===
2025-12-03 09:30:57,452 [INFO] Rejected non-EU article: https://agfundernews.com/europe-can-be-a-global-technology-leader-if-it-removes-barriers-to-innovation&ved=2ahUKEwjusom_gKGRAxWB_rsIHR2uCCQQxfQBegQICRAC&usg=AOvVaw0g-AJ8xEFM6Cysbqdvu_ME
2025-12-03 09:30:57,452 [INFO] Rejected non-EU article: https://www.travelandtourworld.com/news/article/europe-green-technology-uncovered-discover-scenic-routes-eco-friendly-energy-projects-and-cultural-hotspots-for-the-modern-eco-conscious-traveler/&ved=2ahUKEwjusom_gKGRAxWB_rsIHR2uCCQQxfQBegQICBAC&usg=AOvVaw0Zu8FDqxe9-68odJ20TbDw
2025-12-03 09:30:57,452 [INFO] Rejected non-EU article: https://in.investing.com/news/company-news/enphase-launches-powermatch-battery-technology-in-europe-93CH-5133793&ved=2ahUKEwjusom_gKGRAxWB_rsIHR2uCCQQxfQBegQIChAC&usg=AOvVaw1H7-61JJ1uCct_kZUH1fJu
2025-12-03 09:30:57,452 [INFO] Rejected non-EU article: https://www.gurufocus.com/news/3229807/enphase-energy-enph-introduces-powermatch-technology-in-europe&ved=2ahUKEwjusom_gKGRAxWB_rsIHR2uCCQQxfQBegQIARAC&usg=AOvVaw0lF25P1corea1zMIUZ2vOj
2025-12-03 09:30:57,452 [INFO] Rejected non-EU article: https://finance.yahoo.com/news/enphase-energy-introduces-powermatch-technology-130000205.html&ved=2ahUKEwjusom_gKGRAxWB_rsIHR2uCCQQxfQBegQIAxAC&usg=AOvVaw1Ovd7TzpkbnvMkSSZaCcy_
2025-12-03 09:30:57,452 [INFO] Rejected non-EU article: https://www.itnewsafrica.com/2025/12/kioxia-europe-collabo-to-reveal-ai-technology-at-2025-international-robot-exhibition/&ved=2ahUKEwjusom_gKGRAxWB_rsIHR2uCCQQxfQBegQIBhAC&usg=AOvVaw0S0hiEmT5Vc5uwk6WMLios
2025-12-03 09:30:57,452 [INFO] Rejected non-EU article: https://tech.eu/2025/12/02/shiftmove-acquires-ocean-expanding-its-european-fleet-technology-footprint/&ved=2ahUKEwjusom_gKGRAxWB_rsIHR2uCCQQxfQBegQIBBAC&usg=AOvVaw2qtNzCMUkvwqwmgRtS_D-w
2025-12-03 09:30:57,452 [INFO] Rejected non-EU article: https://www.travelandtourworld.com/news/article/langham-hospitality-group-unveils-advanced-ai-technology-across-global-hotels-revolutionizing-guest-experience-in-asia-europe-and-beyond/&ved=2ahUKEwjusom_gKGRAxWB_rsIHR2uCCQQxfQBegQIBxAC&usg=AOvVaw1F2YALrKd3wwz9Um0JxfOm
2025-12-03 09:30:57,452 [INFO] Rejected non-EU article: https://oceannews.com/news/subsea-and-survey/tgs-awarded-obn-contract-in-europe-2/&ved=2ahUKEwjusom_gKGRAxWB_rsIHR2uCCQQxfQBegQIAhAC&usg=AOvVaw3pZYTOywCF33CpISuG4P8f
2025-12-03 09:30:57,452 [INFO] Rejected non-EU article: https://europeansting.com/tag/netherlands-eindhoven-gets-eu-advisory-support-for-green-transition-roadmap/&ved=2ahUKEwjusom_gKGRAxWB_rsIHR2uCCQQxfQBegQIBRAC&usg=AOvVaw0hXP1RT2mwLD1fm6XUjqSa
2025-12-03 09:30:57,452 [INFO] Rejected non-EU article: https://agfundernews.com/europe-can-be-a-global-technology-leader-if-it-removes-barriers-to-innovation&ved=2ahUKEwi2r5jAgKGRAxXUhv0HHZtPC7wQxfQBegQIBhAC&usg=AOvVaw3ll8XDsanmqf9BZf0DM-Va
2025-12-03 09:30:57,452 [INFO] Rejected non-EU article: https://www.travelandtourworld.com/news/article/europe-green-technology-uncovered-discover-scenic-routes-eco-friendly-energy-projects-and-cultural-hotspots-for-the-modern-eco-conscious-traveler/&ved=2ahUKEwi2r5jAgKGRAxXUhv0HHZtPC7wQxfQBegQIBBAC&usg=AOvVaw0OwdZlgYdC5g2pwRmkatYZ
2025-12-03 09:30:57,452 [INFO] Rejected non-EU article: https://in.investing.com/news/company-news/enphase-launches-powermatch-battery-technology-in-europe-93CH-5133793&ved=2ahUKEwi2r5jAgKGRAxXUhv0HHZtPC7wQxfQBegQIChAC&usg=AOvVaw1Iyr-OYW2xj52tlkX3UNIC
2025-12-03 09:30:57,452 [INFO] Rejected non-EU article: https://www.gurufocus.com/news/3229807/enphase-energy-enph-introduces-powermatch-technology-in-europe&ved=2ahUKEwi2r5jAgKGRAxXUhv0HHZtPC7wQxfQBegQICBAC&usg=AOvVaw0ZEhKWaGF7xkIMyTsCYid2
2025-12-03 09:30:57,453 [INFO] Rejected non-EU article: https://ca.finance.yahoo.com/news/enphase-energy-introduces-powermatch-technology-130000205.html&ved=2ahUKEwi2r5jAgKGRAxXUhv0HHZtPC7wQxfQBegQIAhAC&usg=AOvVaw1_M1sVGq-AyQ24uJdU9c_N
2025-12-03 09:30:57,453 [INFO] Rejected non-EU article: https://www.stocktitan.net/news/ENPH/enphase-energy-introduces-power-match-technology-in-europe-to-ojro6r530vmz.html&ved=2ahUKEwi2r5jAgKGRAxXUhv0HHZtPC7wQxfQBegQIARAC&usg=AOvVaw02u2SRJf62o7niHdqi6Sz-
2025-12-03 09:30:57,453 [INFO] Rejected non-EU article: https://www.itnewsafrica.com/2025/12/kioxia-europe-collabo-to-reveal-ai-technology-at-2025-international-robot-exhibition/&ved=2ahUKEwi2r5jAgKGRAxXUhv0HHZtPC7wQxfQBegQICRAC&usg=AOvVaw2aKlXUEZeL0Z-QDTrVmR-a
2025-12-03 09:30:57,453 [INFO] Rejected non-EU article: https://tech.eu/2025/12/02/shiftmove-acquires-ocean-expanding-its-european-fleet-technology-footprint/&ved=2ahUKEwi2r5jAgKGRAxXUhv0HHZtPC7wQxfQBegQIBRAC&usg=AOvVaw2fMqtLLelTRPWU_KOtqiRc
2025-12-03 09:30:57,453 [INFO] Rejected non-EU article: https://www.travelandtourworld.com/news/article/langham-hospitality-group-unveils-advanced-ai-technology-across-global-hotels-revolutionizing-guest-experience-in-asia-europe-and-beyond/&ved=2ahUKEwi2r5jAgKGRAxXUhv0HHZtPC7wQxfQBegQIBxAC&usg=AOvVaw1tOj9XmYY3NcRtvcj5bfzZ
2025-12-03 09:30:57,453 [INFO] Rejected non-EU article: https://oceannews.com/news/subsea-and-survey/tgs-awarded-obn-contract-in-europe-2/&ved=2ahUKEwi2r5jAgKGRAxXUhv0HHZtPC7wQxfQBegQIAxAC&usg=AOvVaw0ivJwaPx6hKgfViDoRiWg9
2025-12-03 09:30:57,453 [INFO] Collected 0 EU English articles.
2025-12-03 09:30:57,453 [INFO] === EU Scraping run complete ===
2025-12-03 10:35:54,870 [INFO] === Starting EU GoogleNews scraping run ===
2025-12-03 10:35:57,367 [INFO] Rejected non-EU article: https://agfundernews.com/europe-can-be-a-global-technology-leader-if-it-removes-barriers-to-innovation&ved=2ahUKEwiDm_qCj6GRAxWq9bsIHfajC5UQxfQBegQIARAC&usg=AOvVaw3pgjJMdpk66d8kSuQD59wt
2025-12-03 10:35:57,367 [INFO] Rejected non-EU article: https://www.travelandtourworld.com/news/article/europe-green-technology-uncovered-discover-scenic-routes-eco-friendly-energy-projects-and-cultural-hotspots-for-the-modern-eco-conscious-traveler/&ved=2ahUKEwiDm_qCj6GRAxWq9bsIHfajC5UQxfQBegQICBAC&usg=AOvVaw1YOWrNgYx3ZG6XW6-I1tEQ
2025-12-03 10:35:57,367 [INFO] Rejected non-EU article: https://in.investing.com/news/company-news/enphase-launches-powermatch-battery-technology-in-europe-93CH-5133793&ved=2ahUKEwiDm_qCj6GRAxWq9bsIHfajC5UQxfQBegQIChAC&usg=AOvVaw28vItT9ZzMpvOXW-6LzU9m
2025-12-03 10:35:57,367 [INFO] Rejected non-EU article: https://www.gurufocus.com/news/3229807/enphase-energy-enph-introduces-powermatch-technology-in-europe&ved=2ahUKEwiDm_qCj6GRAxWq9bsIHfajC5UQxfQBegQIBhAC&usg=AOvVaw0gUp-9Sd6j7vJtQFn5eU4v
2025-12-03 10:35:57,367 [INFO] Rejected non-EU article: https://ca.finance.yahoo.com/news/enphase-energy-introduces-powermatch-technology-130000205.html&ved=2ahUKEwiDm_qCj6GRAxWq9bsIHfajC5UQxfQBegQIBxAC&usg=AOvVaw2b8KwmLZplSRzUquQbK2wF
2025-12-03 10:35:57,367 [INFO] Rejected non-EU article: https://www.stocktitan.net/news/ENPH/enphase-energy-introduces-power-match-technology-in-europe-to-ojro6r530vmz.html&ved=2ahUKEwiDm_qCj6GRAxWq9bsIHfajC5UQxfQBegQIBRAC&usg=AOvVaw1yIhRBwouKZQgCE-_YVBXG
2025-12-03 10:35:57,367 [INFO] Rejected non-EU article: https://www.itnewsafrica.com/2025/12/kioxia-europe-collabo-to-reveal-ai-technology-at-2025-international-robot-exhibition/&ved=2ahUKEwiDm_qCj6GRAxWq9bsIHfajC5UQxfQBegQIBBAC&usg=AOvVaw32CsmRlglXM8c1Q-iGp_XL
2025-12-03 10:35:57,367 [INFO] Rejected non-EU article: https://tech.eu/2025/12/02/shiftmove-acquires-ocean-expanding-its-european-fleet-technology-footprint/&ved=2ahUKEwiDm_qCj6GRAxWq9bsIHfajC5UQxfQBegQICRAC&usg=AOvVaw38zToYj2pItV1kL9ZbJut6
2025-12-03 10:35:57,367 [INFO] Rejected non-EU article: https://www.travelandtourworld.com/news/article/langham-hospitality-group-unveils-advanced-ai-technology-across-global-hotels-revolutionizing-guest-experience-in-asia-europe-and-beyond/&ved=2ahUKEwiDm_qCj6GRAxWq9bsIHfajC5UQxfQBegQIAxAC&usg=AOvVaw2pJN6h6Y3G2XnU2_Hh2axN
2025-12-03 10:35:57,367 [INFO] Rejected non-EU article: https://oceannews.com/news/subsea-and-survey/tgs-awarded-obn-contract-in-europe-2/&ved=2ahUKEwiDm_qCj6GRAxWq9bsIHfajC5UQxfQBegQIAhAC&usg=AOvVaw05kEALPeAGzqbeMMvYt1mP
2025-12-03 10:35:57,367 [INFO] Rejected non-EU article: https://agfundernews.com/europe-can-be-a-global-technology-leader-if-it-removes-barriers-to-innovation&ved=2ahUKEwiHruyDj6GRAxVn_7sIHdE2DG0QxfQBegQIBBAC&usg=AOvVaw3ORPbepRtu40qdaiRffcd1
2025-12-03 10:35:57,367 [INFO] Rejected non-EU article: https://www.travelandtourworld.com/news/article/europe-green-technology-uncovered-discover-scenic-routes-eco-friendly-energy-projects-and-cultural-hotspots-for-the-modern-eco-conscious-traveler/&ved=2ahUKEwiHruyDj6GRAxVn_7sIHdE2DG0QxfQBegQIAxAC&usg=AOvVaw3Bof7xaN3mO38YA4xyKsRB
2025-12-03 10:35:57,367 [INFO] Rejected non-EU article: https://in.investing.com/news/company-news/enphase-launches-powermatch-battery-technology-in-europe-93CH-5133793&ved=2ahUKEwiHruyDj6GRAxVn_7sIHdE2DG0QxfQBegQIChAC&usg=AOvVaw1tg5OQ_rqiXNSEgqVjMVN1
2025-12-03 10:35:57,367 [INFO] Rejected non-EU article: https://www.gurufocus.com/news/3229807/enphase-energy-enph-introduces-powermatch-technology-in-europe&ved=2ahUKEwiHruyDj6GRAxVn_7sIHdE2DG0QxfQBegQIBRAC&usg=AOvVaw2uOY4yFD-5KHF_Zitg3MPU
2025-12-03 10:35:57,367 [INFO] Rejected non-EU article: https://ca.finance.yahoo.com/news/enphase-energy-introduces-powermatch-technology-130000205.html&ved=2ahUKEwiHruyDj6GRAxVn_7sIHdE2DG0QxfQBegQIAhAC&usg=AOvVaw3m979k5piRFox3_Z7eTYfy
2025-12-03 10:35:57,367 [INFO] Rejected non-EU article: https://www.stocktitan.net/news/ENPH/enphase-energy-introduces-power-match-technology-in-europe-to-ojro6r530vmz.html&ved=2ahUKEwiHruyDj6GRAxVn_7sIHdE2DG0QxfQBegQICRAC&usg=AOvVaw20UNhQQoJZmOF5RQclWTr_
2025-12-03 10:35:57,367 [INFO] Rejected non-EU article: https://www.itnewsafrica.com/2025/12/kioxia-europe-collabo-to-reveal-ai-technology-at-2025-international-robot-exhibition/&ved=2ahUKEwiHruyDj6GRAxVn_7sIHdE2DG0QxfQBegQICBAC&usg=AOvVaw3jhZYkKG3vWzfTfxgv9HXA
2025-12-03 10:35:57,367 [INFO] Rejected non-EU article: https://tech.eu/2025/12/02/shiftmove-acquires-ocean-expanding-its-european-fleet-technology-footprint/&ved=2ahUKEwiHruyDj6GRAxVn_7sIHdE2DG0QxfQBegQIBxAC&usg=AOvVaw2sN-oX_U-m9SyANExIhm4d
2025-12-03 10:35:57,367 [INFO] Rejected non-EU article: https://www.travelandtourworld.com/news/article/langham-hospitality-group-unveils-advanced-ai-technology-across-global-hotels-revolutionizing-guest-experience-in-asia-europe-and-beyond/&ved=2ahUKEwiHruyDj6GRAxVn_7sIHdE2DG0QxfQBegQIARAC&usg=AOvVaw0MZLDt3tCjtHZiRnHOQ2tK
2025-12-03 10:35:57,367 [INFO] Rejected non-EU article: https://oceannews.com/news/subsea-and-survey/tgs-awarded-obn-contract-in-europe-2/&ved=2ahUKEwiHruyDj6GRAxVn_7sIHdE2DG0QxfQBegQIBhAC&usg=AOvVaw1m4VbgWbytWPZflJhTbP0u
2025-12-03 10:35:57,367 [INFO] Collected 0 EU English articles.
2025-12-03 10:35:57,367 [INFO] === EU Scraping run complete ===
2025-12-04 09:31:15,972 [INFO] === Starting GoogleNews scraping run ===
2025-12-04 09:31:20,045 [INFO] ruthless removal did not work. 
2025-12-04 09:31:21,667 [INFO] ruthless removal did not work. 
2025-12-04 09:31:22,414 [INFO] ruthless removal did not work. 
2025-12-04 09:31:24,279 [INFO] ruthless removal did not work. 
2025-12-04 09:31:27,316 [INFO] ruthless removal did not work. 
2025-12-04 09:31:28,767 [INFO] ruthless removal did not work. 
2025-12-04 09:31:29,432 [INFO] ruthless removal did not work. 
2025-12-04 09:31:29,434 [INFO] Scraped 15 new articles.
2025-12-04 09:31:29,452 [INFO] Deleted 15 oldest article(s).
2025-12-04 09:31:29,460 [INFO] Inserted 15 new article(s).
2025-12-04 09:31:29,464 [INFO] === Finished scraping run ===
2025-12-04 09:35:05,850 [INFO] === Starting Global English Scraping Run ===
2025-12-04 09:35:21,501 [INFO] Scraped 0 valid English articles.
2025-12-04 09:35:21,502 [INFO] === Scraping Finished ===
2025-12-04 09:37:51,246 [INFO] === Starting Global Scraping Run ===
2025-12-04 09:38:06,301 [INFO] Scraped 1 valid articles.
2025-12-04 09:38:06,310 [INFO] Deleted 1 oldest article(s).
2025-12-04 09:38:06,316 [INFO] Inserted 1 new article(s).
2025-12-04 09:38:06,318 [INFO] === Scraping Finished ===
